<?xml version="1.0" encoding="UTF-8"?>
<testsuite xmlns:xsi="http://www.w3.org/2001/XMLSchema-instance" xsi:noNamespaceSchemaLocation="https://maven.apache.org/surefire/maven-surefire-plugin/xsd/surefire-test-report-3.0.xsd" version="3.0" name="TestSuite" time="34.061" tests="6" errors="0" skipped="0" failures="1">
  <properties>
[...]
</properties>
  <testcase name="LoginTest[abcn@gmail.com, pasword123, restricted student](1)" classname="Academy.HomePageTest" time="13.11">
    <system-err><![CDATA[Starting ChromeDriver 103.0.5060.53 (a1711811edd74ff1cf2150f36ffa3b0dae40b17f-refs/branch-heads/5060@{#853}) on port 9797
Only local connections are allowed.
Please see https://chromedriver.chromium.org/security-considerations for suggestions on keeping ChromeDriver safe.
ChromeDriver was started successfully.
[1661580066.853][WARNING]: This version of ChromeDriver has not been tested with Chrome version 104.
Aug 26, 2022 11:01:06 PM org.openqa.selenium.remote.ProtocolHandshake createSession
INFO: Detected dialect: W3C
]]></system-err>
  </testcase>
  <testcase name="LoginTest[bob@gmail.com, bob123, none restricted student](2)" classname="Academy.HomePageTest" time="3.873"/>
  <testcase name="vaildateAppTitle" classname="Academy.ValidateTitleTest" time="0.023">
    <failure message="expected [FEATURED COURSES123] but found [FEATURED COURSES]" type="java.lang.AssertionError"><![CDATA[java.lang.AssertionError: expected [FEATURED COURSES123] but found [FEATURED COURSES]
	at Academy.ValidateTitleTest.vaildateAppTitle(ValidateTitleTest.java:39)
]]></failure>
    <system-err><![CDATA[Starting ChromeDriver 103.0.5060.53 (a1711811edd74ff1cf2150f36ffa3b0dae40b17f-refs/branch-heads/5060@{#853}) on port 26354
Only local connections are allowed.
Please see https://chromedriver.chromium.org/security-considerations for suggestions on keeping ChromeDriver safe.
ChromeDriver was started successfully.
[1661580086.758][WARNING]: This version of ChromeDriver has not been tested with Chrome version 104.
Aug 26, 2022 11:01:26 PM org.openqa.selenium.remote.ProtocolHandshake createSession
INFO: Detected dialect: W3C
]]></system-err>
  </testcase>
  <testcase name="vaildateHeaderTest" classname="Academy.ValidateTitleTest" time="0.042"/>
  <testcase name="vaildateHomepageTitle" classname="Academy.ValidateTitleTest" time="0.01">
    <system-out><![CDATA[QA Click Academy | Selenium,Jmeter,SoapUI,Appium,Database testing,QA Training Academy
]]></system-out>
  </testcase>
  <testcase name="vaildateMenuBarTest" classname="Academy.ValidateTitleTest" time="0.059"/>
</testsuite>