-------------------------------------------------------------------------------
Test set: TestSuite
-------------------------------------------------------------------------------
Tests run: 6, Failures: 1, Errors: 0, Skipped: 0, Time elapsed: 34.061 s <<< FAILURE! - in TestSuite
Academy.ValidateTitleTest.vaildateAppTitle  Time elapsed: 0.023 s  <<< FAILURE!
java.lang.AssertionError: expected [FEATURED COURSES123] but found [FEATURED COURSES]
	at Academy.ValidateTitleTest.vaildateAppTitle(ValidateTitleTest.java:39)

